04/06/2023 18:14:31 el usuario root ha intentado entrar en el sistema
04/06/2023 18:33:57 el usuario root ha entrado en el sistema
04/06/2023 18:55:16 el usuario root ha entrado en el sistema
04/06/2023 18:57:38 el usuario root ha entrado en el sistema
04/06/2023 18:59:13 el usuario root ha entrado en el sistema
04/06/2023 19:00:35 el usuario root ha entrado en el sistema
04/06/2023 19:00:50 el usuario root ha entrado en el sistema
04/06/2023 19:01:24 el usuario root ha entrado en el sistema
04/06/2023 19:02:12 el usuario root ha entrado en el sistema
04/06/2023 19:20:02 el usuario root ha entrado en el sistema
04/06/2023 19:26:57 el usuario root ha entrado en el sistema
04/06/2023 19:30:46 el usuario root ha entrado en el sistema
04/06/2023 19:36:18 el usuario root ha entrado en el sistema
04/06/2023 19:40:38 el usuario root ha entrado en el sistema
04/06/2023 19:42:30 el usuario jess ha entrado en el sistema
04/06/2023 20:23:36 el usuario root ha entrado en el sistema
04/06/2023 20:36:30 el usuario root ha entrado en el sistema
04/06/2023 20:50:15 el usuario root ha entrado en el sistema
04/06/2023 20:51:26 el usuario root ha entrado en el sistema
04/06/2023 20:51:57 el usuario root ha entrado en el sistema
04/06/2023 21:01:09 el usuario  ha intentado entrar en el sistema
04/06/2023 21:01:14 el usuario root ha entrado en el sistema
04/06/2023 21:22:28 el usuario root ha entrado en el sistema
04/06/2023 21:25:58 el usuario root ha entrado en el sistema
04/06/2023 21:43:52 el usuario root ha entrado en el sistema
04/06/2023 21:47:39 el usuario root ha entrado en el sistema
04/06/2023 21:49:29 el usuario root ha entrado en el sistema
04/06/2023 21:56:34 el usuario root ha entrado en el sistema
04/06/2023 22:16:46 el usuario root ha entrado en el sistema
04/06/2023 22:22:42 el usuario root ha entrado en el sistema
04/06/2023 22:27:28 el usuario root ha entrado en el sistema
04/06/2023 22:34:20 el usuario root ha entrado en el sistema
04/06/2023 22:36:14 el usuario  ha intentado entrar en el sistema
04/06/2023 22:36:20 el usuario root ha entrado en el sistema
04/06/2023 22:53:01 el usuario root ha entrado en el sistema
04/06/2023 23:17:06 el usuario root ha entrado en el sistema
04/06/2023 23:20:05 el usuario root ha entrado en el sistema
04/06/2023 23:35:48 el usuario root ha entrado en el sistema
04/06/2023 23:40:54 el usuario root ha entrado en el sistema
04/06/2023 23:42:20 el usuario root ha entrado en el sistema
04/06/2023 23:43:47 el usuario root ha entrado en el sistema
04/06/2023 23:48:00 el usuario root ha entrado en el sistema
04/06/2023 23:49:15 el usuario root ha intentado entrar en el sistema con la clave incorrecta
04/06/2023 23:49:19 el usuario root ha entrado en el sistema
04/06/2023 23:50:17 el usuario root ha entrado en el sistema
04/06/2023 23:51:38 el usuario root ha entrado en el sistema
05/06/2023 0:42:46 el usuario root ha entrado en el sistema
05/06/2023 0:43:54 el usuario root ha entrado en el sistema
05/06/2023 0:46:59 el usuario root ha entrado en el sistema
05/06/2023 0:48:31 el usuario root ha entrado en el sistema
05/06/2023 9:58:44 el usuario root ha entrado en el sistema
05/06/2023 10:00:31 el usuario root ha entrado en el sistema
05/06/2023 10:04:02 el usuario root ha entrado en el sistema
05/06/2023 10:06:29 el usuario root ha entrado en el sistema
05/06/2023 10:44:28 el usuario root ha entrado en el sistema
05/06/2023 12:17:34 el usuario root ha entrado en el sistema
05/06/2023 12:20:25 el usuario root ha entrado en el sistema
05/06/2023 12:34:29 el usuario root ha entrado en el sistema
05/06/2023 12:35:52 el usuario root ha entrado en el sistema
05/06/2023 12:40:28 el usuario root ha entrado en el sistema
05/06/2023 12:42:17 el usuario root ha entrado en el sistema
05/06/2023 13:40:24 el usuario root ha entrado en el sistema
05/06/2023 13:42:09 el usuario root ha entrado en el sistema
05/06/2023 13:46:17 el usuario root ha entrado en el sistema
05/06/2023 13:56:21 el usuario root ha entrado en el sistema
05/06/2023 13:57:36 el usuario root ha entrado en el sistema
05/06/2023 14:00:31 el usuario root ha entrado en el sistema
05/06/2023 14:01:14 el usuario root ha entrado en el sistema
05/06/2023 15:28:12 el usuario root ha entrado en el sistema
05/06/2023 15:40:56 el usuario root ha entrado en el sistema
05/06/2023 16:30:59 el usuario root ha entrado en el sistema
05/06/2023 16:34:11 el usuario root ha entrado en el sistema
05/06/2023 16:41:43 el usuario root ha entrado en el sistema
05/06/2023 16:44:18 el usuario root ha entrado en el sistema
05/06/2023 16:46:34 el usuario root ha entrado en el sistema
05/06/2023 16:47:40 el usuario root ha entrado en el sistema
05/06/2023 17:00:16 el usuario root ha entrado en el sistema
05/06/2023 17:01:34 el usuario root ha entrado en el sistema
05/06/2023 17:36:44 el usuario root ha entrado en el sistema
05/06/2023 18:59:08 el usuario root ha entrado en el sistema
05/06/2023 19:00:53 el usuario root ha entrado en el sistema
05/06/2023 19:05:21 el usuario root ha entrado en el sistema
05/06/2023 19:08:10 el usuario root ha entrado en el sistema
05/06/2023 19:10:22 el usuario root ha entrado en el sistema
05/06/2023 19:26:29 el usuario root ha entrado en el sistema
05/06/2023 19:31:28 el usuario root ha entrado en el sistema
05/06/2023 19:58:33 el usuario root ha entrado en el sistema
05/06/2023 20:00:10 el usuario root ha entrado en el sistema
05/06/2023 20:00:45 el usuario root ha entrado en el sistema
05/06/2023 20:02:52 el usuario root ha entrado en el sistema
05/06/2023 20:03:47 el usuario root ha entrado en el sistema
05/06/2023 20:06:33 el usuario root ha entrado en el sistema
05/06/2023 20:10:28 el usuario root ha entrado en el sistema
05/06/2023 20:17:05 el usuario root ha entrado en el sistema
05/06/2023 21:50:36 el usuario root ha entrado en el sistema
05/06/2023 22:24:36 el usuario root ha entrado en el sistema
